c:\users\micha\desktop\natesty\teraz\core\wrapper\x64\debug\wrapper.pch
c:\users\micha\desktop\natesty\teraz\core\wrapper\x64\debug\vc143.pdb
c:\users\micha\desktop\natesty\teraz\core\wrapper\x64\debug\pch.obj
c:\users\micha\desktop\natesty\teraz\core\wrapper\x64\debug\.netframework,version=v4.7.2.assemblyattributes.obj
c:\users\micha\desktop\natesty\teraz\core\wrapper\x64\debug\wrapper.obj
c:\users\micha\desktop\natesty\teraz\core\wrapper\x64\debug\entity.obj
c:\users\micha\desktop\natesty\teraz\core\wrapper\x64\debug\assemblyinfo.obj
c:\users\micha\desktop\natesty\teraz\core\x64\debug\wrapper.dll
c:\users\micha\desktop\natesty\teraz\core\x64\debug\wrapper.pdb
c:\users\micha\desktop\natesty\teraz\core\wrapper\x64\debug\app.res
c:\users\micha\desktop\natesty\teraz\core\wrapper\x64\debug\wrapper.tlog\cl.command.1.tlog
c:\users\micha\desktop\natesty\teraz\core\wrapper\x64\debug\wrapper.tlog\cl.read.1.tlog
c:\users\micha\desktop\natesty\teraz\core\wrapper\x64\debug\wrapper.tlog\cl.write.1.tlog
c:\users\micha\desktop\natesty\teraz\core\wrapper\x64\debug\wrapper.tlog\link.command.1.tlog
c:\users\micha\desktop\natesty\teraz\core\wrapper\x64\debug\wrapper.tlog\link.read.1.tlog
c:\users\micha\desktop\natesty\teraz\core\wrapper\x64\debug\wrapper.tlog\link.write.1.tlog
c:\users\micha\desktop\natesty\teraz\core\wrapper\x64\debug\wrapper.tlog\metagen.read.1.tlog
c:\users\micha\desktop\natesty\teraz\core\wrapper\x64\debug\wrapper.tlog\metagen.write.1.tlog
c:\users\micha\desktop\natesty\teraz\core\wrapper\x64\debug\wrapper.tlog\rc.command.1.tlog
c:\users\micha\desktop\natesty\teraz\core\wrapper\x64\debug\wrapper.tlog\rc.read.1.tlog
c:\users\micha\desktop\natesty\teraz\core\wrapper\x64\debug\wrapper.tlog\rc.write.1.tlog
