c:\users\micha\desktop\workonwrappers\wrapperc\cwrapper\x64\debug\cwrapper.pch
c:\users\micha\desktop\workonwrappers\wrapperc\cwrapper\x64\debug\vc143.pdb
c:\users\micha\desktop\workonwrappers\wrapperc\cwrapper\x64\debug\pch.obj
c:\users\micha\desktop\workonwrappers\wrapperc\cwrapper\x64\debug\.netframework,version=v4.7.2.assemblyattributes.obj
c:\users\micha\desktop\workonwrappers\wrapperc\cwrapper\x64\debug\wrapper.obj
c:\users\micha\desktop\workonwrappers\wrapperc\cwrapper\x64\debug\entity.obj
c:\users\micha\desktop\workonwrappers\wrapperc\cwrapper\x64\debug\assemblyinfo.obj
c:\users\micha\desktop\workonwrappers\wrapperc\x64\debug\cwrapper.dll
c:\users\micha\desktop\workonwrappers\wrapperc\x64\debug\cwrapper.pdb
c:\users\micha\desktop\workonwrappers\wrapperc\cwrapper\x64\debug\app.res
c:\users\micha\desktop\workonwrappers\wrapperc\cwrapper\x64\debug\cwrapper.tlog\cl.command.1.tlog
c:\users\micha\desktop\workonwrappers\wrapperc\cwrapper\x64\debug\cwrapper.tlog\cl.read.1.tlog
c:\users\micha\desktop\workonwrappers\wrapperc\cwrapper\x64\debug\cwrapper.tlog\cl.write.1.tlog
c:\users\micha\desktop\workonwrappers\wrapperc\cwrapper\x64\debug\cwrapper.tlog\link.command.1.tlog
c:\users\micha\desktop\workonwrappers\wrapperc\cwrapper\x64\debug\cwrapper.tlog\link.read.1.tlog
c:\users\micha\desktop\workonwrappers\wrapperc\cwrapper\x64\debug\cwrapper.tlog\link.write.1.tlog
c:\users\micha\desktop\workonwrappers\wrapperc\cwrapper\x64\debug\cwrapper.tlog\metagen.read.1.tlog
c:\users\micha\desktop\workonwrappers\wrapperc\cwrapper\x64\debug\cwrapper.tlog\metagen.write.1.tlog
c:\users\micha\desktop\workonwrappers\wrapperc\cwrapper\x64\debug\cwrapper.tlog\rc.command.1.tlog
c:\users\micha\desktop\workonwrappers\wrapperc\cwrapper\x64\debug\cwrapper.tlog\rc.read.1.tlog
c:\users\micha\desktop\workonwrappers\wrapperc\cwrapper\x64\debug\cwrapper.tlog\rc.write.1.tlog
